<?xml version="1.0" encoding="UTF-8"?>
<!-- Generated by org.testng.reporters.JUnitXMLReporter -->
<testsuite ignored="4" hostname="DESKTOP-OB8BAPB" failures="1" tests="6" name="InValid Negative Test Cases" time="100.751" errors="0" timestamp="2023-09-10T16:47:44 IST">
  <testcase classname="com.BestBuy.test.NegativeTc_SignUp" name="signUpWithInValidCredentials" time="19.275"/>
  <testcase classname="com.BestBuy.test.NegativeTc_SignIn_DataProvider" name="signInWithInValidCredentials" time="19.888"/>
  <testcase classname="com.BestBuy.test.NegativeTc_SignIn_DataProvider" name="signInWithInValidCredentials" time="15.529"/>
  <testcase classname="com.BestBuy.test.NegativeTc_SignIn_DataProvider" name="signInWithInValidCredentials" time="24.961"/>
  <testcase classname="com.BestBuy.test.NegativeTc_SignIn_DataProvider" name="signInWithInValidCredentials" time="13.908"/>
  <testcase classname="com.BestBuy.test.NegativeTc_ItemsAddedToCart" name="ItemsAddedCartTestWithInvalidCredentials" time="4.009">
    <failure type="org.testng.internal.thread.ThreadTimeoutException" message="Method com.BestBuy.test.NegativeTc_ItemsAddedToCart.ItemsAddedCartTestWithInvalidCredentials() didn&amp;apos;t finish within the time-out 4000">
      <![CDATA[org.testng.internal.thread.ThreadTimeoutException: Method com.BestBuy.test.NegativeTc_ItemsAddedToCart.ItemsAddedCartTestWithInvalidCredentials() didn't finish within the time-out 4000
at java.base@17.0.7/java.lang.Thread.sleep(Native Method)
at app//com.BestBuy.utils.BestBuyWrappers.searchItems(BestBuyWrappers.java:119)
at app//com.BestBuy.test.NegativeTc_ItemsAddedToCart.ItemsAddedCartTestWithInvalidCredentials(NegativeTc_ItemsAddedToCart.java:23)
at java.base@17.0.7/java.util.concurrent.FutureTask.run(FutureTask.java:264)
at java.base@17.0.7/java.util.concurrent.ThreadPoolExecutor.runWorker(ThreadPoolExecutor.java:1136)
at java.base@17.0.7/java.util.concurrent.ThreadPoolExecutor$Worker.run(ThreadPoolExecutor.java:635)
at java.base@17.0.7/java.lang.Thread.run(Thread.java:833)
... Removed 8 stack frames]]>
    </failure>
  </testcase> <!-- ItemsAddedCartTestWithInvalidCredentials -->
  <testcase classname="com.BestBuy.utils.Reports" name="@BeforeSuite startReport" time="0.0">
    <ignored/>
  </testcase> <!-- @BeforeSuite startReport -->
  <testcase classname="com.BestBuy.utils.Reports" name="@BeforeSuite startReport" time="0.0">
    <ignored/>
  </testcase> <!-- @BeforeSuite startReport -->
  <testcase classname="com.BestBuy.utils.Reports" name="@AfterSuite endReport" time="0.0">
    <ignored/>
  </testcase> <!-- @AfterSuite endReport -->
  <testcase classname="com.BestBuy.utils.Reports" name="@AfterSuite endReport" time="0.0">
    <ignored/>
  </testcase> <!-- @AfterSuite endReport -->
</testsuite> <!-- InValid Negative Test Cases -->
