<?xml version="1.0" encoding="UTF-8"?>
<!-- Generated by org.testng.reporters.JUnitXMLReporter -->
<testsuite ignored="13" hostname="DESKTOP-OB8BAPB" failures="0" tests="6" name="Valid Positive Test Cases" time="313.256" errors="0" timestamp="2023-09-10T16:46:03 IST">
  <testcase classname="com.BestBuy.test.AddedItemsCartTest" name="ItemsAddedCartTest" time="102.142"/>
  <testcase classname="com.BestBuy.test.BrokenLinkTest" name="brokenLink" time="13.273"/>
  <testcase classname="com.BestBuy.test.SignUpTest" name="signUpWithValidCredentials" time="29.829"/>
  <testcase classname="com.BestBuy.test.SignInTest_DataProvider" name="signIn" time="16.021"/>
  <testcase classname="com.BestBuy.test.MenuTitlesTest" name="MenuTitlesValid" time="42.217"/>
  <testcase classname="com.BestBuy.test.BottomLinksTest" name="bottomLinksValid" time="106.097"/>
  <testcase classname="com.BestBuy.utils.Reports" name="@BeforeSuite startReport" time="0.0">
    <ignored/>
  </testcase> <!-- @BeforeSuite startReport -->
  <testcase classname="com.BestBuy.test.PaymentPageTest" name="MenuTitlesValid" time="0.0">
    <ignored/>
  </testcase> <!-- MenuTitlesValid -->
  <testcase classname="com.BestBuy.utils.Reports" name="@AfterSuite endReport" time="0.0">
    <ignored/>
  </testcase> <!-- @AfterSuite endReport -->
  <testcase classname="com.BestBuy.utils.Reports" name="@AfterSuite endReport" time="0.0">
    <ignored/>
  </testcase> <!-- @AfterSuite endReport -->
  <testcase classname="com.BestBuy.utils.Reports" name="@AfterSuite endReport" time="0.0">
    <ignored/>
  </testcase> <!-- @AfterSuite endReport -->
  <testcase classname="com.BestBuy.utils.Reports" name="@BeforeSuite startReport" time="0.0">
    <ignored/>
  </testcase> <!-- @BeforeSuite startReport -->
  <testcase classname="com.BestBuy.utils.Reports" name="@AfterSuite endReport" time="0.0">
    <ignored/>
  </testcase> <!-- @AfterSuite endReport -->
  <testcase classname="com.BestBuy.utils.Reports" name="@BeforeSuite startReport" time="0.0">
    <ignored/>
  </testcase> <!-- @BeforeSuite startReport -->
  <testcase classname="com.BestBuy.utils.Reports" name="@BeforeSuite startReport" time="0.0">
    <ignored/>
  </testcase> <!-- @BeforeSuite startReport -->
  <testcase classname="com.BestBuy.utils.Reports" name="@AfterSuite endReport" time="0.0">
    <ignored/>
  </testcase> <!-- @AfterSuite endReport -->
  <testcase classname="com.BestBuy.utils.Reports" name="@AfterSuite endReport" time="0.0">
    <ignored/>
  </testcase> <!-- @AfterSuite endReport -->
  <testcase classname="com.BestBuy.utils.Reports" name="@BeforeSuite startReport" time="0.0">
    <ignored/>
  </testcase> <!-- @BeforeSuite startReport -->
  <testcase classname="com.BestBuy.utils.Reports" name="@BeforeSuite startReport" time="0.0">
    <ignored/>
  </testcase> <!-- @BeforeSuite startReport -->
</testsuite> <!-- Valid Positive Test Cases -->
