<?xml version="1.0" encoding="UTF-8"?>
<!-- Generated by org.testng.reporters.JUnitXMLReporter -->
<testsuite ignored="8" hostname="DESKTOP-OB8BAPB" failures="0" tests="8" name="Chrome" time="723.54" errors="0" timestamp="2023-09-06T12:20:47 IST">
  <testcase classname="com.test.AddedItemsCartTest" name="ItemsAddedCartTestWithInvalidCredentials" time="42.524"/>
  <testcase classname="com.test.AddedItemsCartTest" name="ItemsAddedCartTest" time="112.921"/>
  <testcase classname="com.test.BottomLinksTest" name="bottomLinksValid" time="122.211"/>
  <testcase classname="com.test.SignUpTest" name="signUpWithInValidCredentials" time="187.509"/>
  <testcase classname="com.test.SignUpTest" name="signUpWithValidCredentials" time="35.998"/>
  <testcase classname="com.test.MenuTitlesTest" name="MenuTitlesValid" time="110.446"/>
  <testcase classname="com.test.SignInTest" name="signInWithInValidCredentials" time="64.515"/>
  <testcase classname="com.test.SignInTest" name="signInWithValidCredentials" time="32.685"/>
  <testcase classname="com.utils.Reports" name="@AfterSuite endReport" time="0.0">
    <ignored/>
  </testcase> <!-- @AfterSuite endReport -->
  <testcase classname="com.utils.Reports" name="@AfterSuite endReport" time="0.0">
    <ignored/>
  </testcase> <!-- @AfterSuite endReport -->
  <testcase classname="com.utils.Reports" name="@BeforeSuite startReport" time="0.0">
    <ignored/>
  </testcase> <!-- @BeforeSuite startReport -->
  <testcase classname="com.utils.Reports" name="@AfterSuite endReport" time="0.0">
    <ignored/>
  </testcase> <!-- @AfterSuite endReport -->
  <testcase classname="com.utils.Reports" name="@AfterSuite endReport" time="0.0">
    <ignored/>
  </testcase> <!-- @AfterSuite endReport -->
  <testcase classname="com.utils.Reports" name="@BeforeSuite startReport" time="0.0">
    <ignored/>
  </testcase> <!-- @BeforeSuite startReport -->
  <testcase classname="com.utils.Reports" name="@BeforeSuite startReport" time="0.0">
    <ignored/>
  </testcase> <!-- @BeforeSuite startReport -->
  <testcase classname="com.utils.Reports" name="@BeforeSuite startReport" time="0.0">
    <ignored/>
  </testcase> <!-- @BeforeSuite startReport -->
</testsuite> <!-- Chrome -->
