<?xml version="1.0" encoding="UTF-8"?>
<!-- Generated by org.testng.reporters.JUnitXMLReporter -->
<testsuite ignored="0" hostname="DESKTOP-OB8BAPB" failures="0" tests="3" name="Negative" time="196.921" errors="0" timestamp="2023-09-06T20:38:39 IST">
  <testcase classname="com.BestBuy.test.NegativeTc_SignIn" name="signInWithInValidCredentials" time="65.094"/>
  <testcase classname="com.BestBuy.test.NegativeTc_ItemsAddedToCart" name="ItemsAddedCartTestWithInvalidCredentials" time="46.481"/>
  <testcase classname="com.BestBuy.test.NegativeTc_SignUp" name="signUpWithInValidCredentials" time="84.322"/>
</testsuite> <!-- Negative -->
