<?xml version="1.0" encoding="UTF-8"?>
<!-- Generated by org.testng.reporters.JUnitXMLReporter -->
<testsuite ignored="4" hostname="DESKTOP-OB8BAPB" failures="0" tests="6" name="Negative" time="180.957" errors="0" timestamp="2023-09-09T16:09:28 IST">
  <testcase classname="com.BestBuy.test.NegativeTc_SignUp" name="signUpWithInValidCredentials" time="17.143"/>
  <testcase classname="com.BestBuy.test.NegativeTc_SignIn" name="signInWithInValidCredentials" time="17.519"/>
  <testcase classname="com.BestBuy.test.NegativeTc_SignIn" name="signInWithInValidCredentials" time="17.899"/>
  <testcase classname="com.BestBuy.test.NegativeTc_SignIn" name="signInWithInValidCredentials" time="15.17"/>
  <testcase classname="com.BestBuy.test.NegativeTc_SignIn" name="signInWithInValidCredentials" time="12.701"/>
  <testcase classname="com.BestBuy.test.NegativeTc_ItemsAddedToCart" name="ItemsAddedCartTestWithInvalidCredentials" time="98.462"/>
  <testcase classname="com.BestBuy.utils.Reports" name="@AfterSuite endReport" time="0.0">
    <ignored/>
  </testcase> <!-- @AfterSuite endReport -->
  <testcase classname="com.BestBuy.utils.Reports" name="@BeforeSuite startReport" time="0.0">
    <ignored/>
  </testcase> <!-- @BeforeSuite startReport -->
  <testcase classname="com.BestBuy.utils.Reports" name="@AfterSuite endReport" time="0.0">
    <ignored/>
  </testcase> <!-- @AfterSuite endReport -->
  <testcase classname="com.BestBuy.utils.Reports" name="@BeforeSuite startReport" time="0.0">
    <ignored/>
  </testcase> <!-- @BeforeSuite startReport -->
</testsuite> <!-- Negative -->
