<?xml version="1.0" encoding="UTF-8"?>
<!-- Generated by org.testng.reporters.JUnitXMLReporter -->
<testsuite ignored="12" hostname="DESKTOP-OB8BAPB" failures="1" tests="7" name="Positive" time="381.33" errors="0" timestamp="2023-09-07T14:01:50 IST">
  <testcase classname="com.BestBuy.test.MainPageClick" name="mainPageClick" time="22.789"/>
  <testcase classname="com.BestBuy.test.BrokenLinkTest" name="brokenLink" time="12.975"/>
  <testcase classname="com.BestBuy.test.SignUpTest" name="signUpWithValidCredentials" time="32.075"/>
  <testcase classname="com.BestBuy.test.SignInTest" name="loginWithValidCredentials" time="28.186"/>
  <testcase classname="com.BestBuy.test.MenuTitlesTest" name="MenuTitlesValid" time="50.833"/>
  <testcase classname="com.BestBuy.test.BottomLinksTest" name="bottomLinksValid" time="110.488"/>
  <testcase classname="com.BestBuy.test.AddedItemsCartTest" name="ItemsAddedCartTest" time="117.958">
    <failure type="java.lang.AssertionError" message="expected [] but found [Sorry, there was a problem. Please try that again.]">
      <![CDATA[java.lang.AssertionError: expected [] but found [Sorry, there was a problem. Please try that again.]
at com.BestBuy.test.AddedItemsCartTest.ItemsAddedCartTest(AddedItemsCartTest.java:29)
at java.base/java.util.ArrayList.forEach(ArrayList.java:1511)
... Removed 33 stack frames]]>
    </failure>
  </testcase> <!-- ItemsAddedCartTest -->
  <testcase classname="com.BestBuy.utils.Reports" name="@BeforeSuite startReport" time="0.0">
    <ignored/>
  </testcase> <!-- @BeforeSuite startReport -->
  <testcase classname="com.BestBuy.utils.Reports" name="@AfterSuite endReport" time="0.0">
    <ignored/>
  </testcase> <!-- @AfterSuite endReport -->
  <testcase classname="com.BestBuy.utils.Reports" name="@BeforeSuite startReport" time="0.0">
    <ignored/>
  </testcase> <!-- @BeforeSuite startReport -->
  <testcase classname="com.BestBuy.utils.Reports" name="@AfterSuite endReport" time="0.0">
    <ignored/>
  </testcase> <!-- @AfterSuite endReport -->
  <testcase classname="com.BestBuy.utils.Reports" name="@BeforeSuite startReport" time="0.0">
    <ignored/>
  </testcase> <!-- @BeforeSuite startReport -->
  <testcase classname="com.BestBuy.utils.Reports" name="@AfterSuite endReport" time="0.0">
    <ignored/>
  </testcase> <!-- @AfterSuite endReport -->
  <testcase classname="com.BestBuy.utils.Reports" name="@BeforeSuite startReport" time="0.0">
    <ignored/>
  </testcase> <!-- @BeforeSuite startReport -->
  <testcase classname="com.BestBuy.utils.Reports" name="@AfterSuite endReport" time="0.0">
    <ignored/>
  </testcase> <!-- @AfterSuite endReport -->
  <testcase classname="com.BestBuy.utils.Reports" name="@BeforeSuite startReport" time="0.0">
    <ignored/>
  </testcase> <!-- @BeforeSuite startReport -->
  <testcase classname="com.BestBuy.utils.Reports" name="@AfterSuite endReport" time="0.0">
    <ignored/>
  </testcase> <!-- @AfterSuite endReport -->
  <testcase classname="com.BestBuy.utils.Reports" name="@AfterSuite endReport" time="0.0">
    <ignored/>
  </testcase> <!-- @AfterSuite endReport -->
  <testcase classname="com.BestBuy.utils.Reports" name="@BeforeSuite startReport" time="0.0">
    <ignored/>
  </testcase> <!-- @BeforeSuite startReport -->
</testsuite> <!-- Positive -->
