<?xml version="1.0" encoding="UTF-8"?>
<!-- Generated by org.testng.reporters.JUnitXMLReporter -->
<testsuite ignored="8" hostname="DESKTOP-OB8BAPB" failures="0" tests="5" name="Test" time="248.291" errors="0" timestamp="2023-09-04T20:22:21 IST">
  <testcase classname="com.test.MenuTitlesTest" name="MenuTitlesValid" time="33.584"/>
  <testcase classname="com.test.BottomLinksTest" name="bottomLinksValid" time="104.978"/>
  <testcase classname="com.test.AddedItemsCartTest" name="MenuTitlesValid" time="88.148"/>
  <testcase classname="com.test.SignUpTest" name="signUpWithValidCredentials" time="20.704"/>
  <testcase classname="com.test.SignInTest" name="signInWithValidCredentials" time="0.045"/>
  <testcase classname="com.utils.Reports" name="@AfterSuite endReport" time="0.0">
    <ignored/>
  </testcase> <!-- @AfterSuite endReport -->
  <testcase classname="com.utils.Reports" name="@BeforeSuite startReport" time="0.0">
    <ignored/>
  </testcase> <!-- @BeforeSuite startReport -->
  <testcase classname="com.utils.Reports" name="@BeforeSuite startReport" time="0.0">
    <ignored/>
  </testcase> <!-- @BeforeSuite startReport -->
  <testcase classname="com.utils.Reports" name="@BeforeSuite startReport" time="0.0">
    <ignored/>
  </testcase> <!-- @BeforeSuite startReport -->
  <testcase classname="com.utils.Reports" name="@AfterSuite endReport" time="0.0">
    <ignored/>
  </testcase> <!-- @AfterSuite endReport -->
  <testcase classname="com.utils.Reports" name="@BeforeSuite startReport" time="0.0">
    <ignored/>
  </testcase> <!-- @BeforeSuite startReport -->
  <testcase classname="com.utils.Reports" name="@AfterSuite endReport" time="0.0">
    <ignored/>
  </testcase> <!-- @AfterSuite endReport -->
  <testcase classname="com.utils.Reports" name="@AfterSuite endReport" time="0.0">
    <ignored/>
  </testcase> <!-- @AfterSuite endReport -->
</testsuite> <!-- Test -->
