<?xml version="1.0" encoding="UTF-8"?>
<testng-results ignored="12" total="22" passed="8" failed="2" skipped="0">
  <reporter-output>
  </reporter-output>
  <suite started-at="2023-09-07T13:55:29 IST" name="Suite" finished-at="2023-09-07T14:04:46 IST" duration-ms="557817">
    <groups>
    </groups>
    <test started-at="2023-09-07T13:55:29 IST" name="Positive" finished-at="2023-09-07T14:01:50 IST" duration-ms="381330">
      <class name="com.BestBuy.test.MenuTitlesTest">
        <test-method is-config="true" signature="setUp(java.lang.String)[pri:0, instance:com.BestBuy.test.MenuTitlesTest@231f98ef]" started-at="2023-09-07T13:57:08 IST" name="setUp" finished-at="2023-09-07T13:57:08 IST" duration-ms="0" status="PASS">
          <params>
            <param index="0">
              <value>
                <![CDATA[Chrome]]>
              </value>
            </param>
          </params>
          <reporter-output>
          </reporter-output>
        </test-method> <!-- setUp -->
        <test-method signature="MenuTitlesValid()[pri:0, instance:com.BestBuy.test.MenuTitlesTest@231f98ef]" started-at="2023-09-07T13:57:08 IST" name="MenuTitlesValid" finished-at="2023-09-07T13:57:59 IST" duration-ms="50833" status="PASS">
          <reporter-output>
          </reporter-output>
        </test-method> <!-- MenuTitlesValid -->
        <test-method is-config="true" signature="closeBrowser()[pri:0, instance:com.BestBuy.test.MenuTitlesTest@231f98ef]" started-at="2023-09-07T13:57:59 IST" name="closeBrowser" finished-at="2023-09-07T13:57:59 IST" duration-ms="462" status="PASS">
          <reporter-output>
          </reporter-output>
        </test-method> <!-- closeBrowser -->
        <test-method is-config="true" signature="closeAllBrowsers()[pri:0, instance:com.BestBuy.test.MenuTitlesTest@231f98ef]" started-at="2023-09-07T13:57:59 IST" name="closeAllBrowsers" finished-at="2023-09-07T13:57:59 IST" duration-ms="433" status="PASS">
          <reporter-output>
          </reporter-output>
        </test-method> <!-- closeAllBrowsers -->
      </class> <!-- com.BestBuy.test.MenuTitlesTest -->
      <class name="com.BestBuy.test.MainPageClick">
        <test-method is-config="true" signature="setUp(java.lang.String)[pri:0, instance:com.BestBuy.test.MainPageClick@48075da3]" started-at="2023-09-07T13:55:29 IST" name="setUp" finished-at="2023-09-07T13:55:29 IST" duration-ms="7" status="PASS">
          <params>
            <param index="0">
              <value>
                <![CDATA[Chrome]]>
              </value>
            </param>
          </params>
          <reporter-output>
          </reporter-output>
        </test-method> <!-- setUp -->
        <test-method signature="mainPageClick()[pri:0, instance:com.BestBuy.test.MainPageClick@48075da3]" started-at="2023-09-07T13:55:29 IST" name="mainPageClick" finished-at="2023-09-07T13:55:51 IST" duration-ms="22789" status="PASS">
          <reporter-output>
          </reporter-output>
        </test-method> <!-- mainPageClick -->
        <test-method is-config="true" signature="closeBrowser()[pri:0, instance:com.BestBuy.test.MainPageClick@48075da3]" started-at="2023-09-07T13:55:51 IST" name="closeBrowser" finished-at="2023-09-07T13:55:52 IST" duration-ms="825" status="PASS">
          <reporter-output>
          </reporter-output>
        </test-method> <!-- closeBrowser -->
        <test-method is-config="true" signature="closeAllBrowsers()[pri:0, instance:com.BestBuy.test.MainPageClick@48075da3]" started-at="2023-09-07T13:55:52 IST" name="closeAllBrowsers" finished-at="2023-09-07T13:55:53 IST" duration-ms="307" status="PASS">
          <reporter-output>
          </reporter-output>
        </test-method> <!-- closeAllBrowsers -->
      </class> <!-- com.BestBuy.test.MainPageClick -->
      <class name="com.BestBuy.test.BrokenLinkTest">
        <test-method is-config="true" signature="setUp(java.lang.String)[pri:0, instance:com.BestBuy.test.BrokenLinkTest@6c284af]" started-at="2023-09-07T13:55:53 IST" name="setUp" finished-at="2023-09-07T13:55:53 IST" duration-ms="1" status="PASS">
          <params>
            <param index="0">
              <value>
                <![CDATA[Chrome]]>
              </value>
            </param>
          </params>
          <reporter-output>
          </reporter-output>
        </test-method> <!-- setUp -->
        <test-method signature="brokenLink()[pri:0, instance:com.BestBuy.test.BrokenLinkTest@6c284af]" started-at="2023-09-07T13:55:53 IST" name="brokenLink" finished-at="2023-09-07T13:56:06 IST" duration-ms="12975" status="PASS">
          <reporter-output>
          </reporter-output>
        </test-method> <!-- brokenLink -->
        <test-method is-config="true" signature="closeAllBrowsers()[pri:0, instance:com.BestBuy.test.BrokenLinkTest@6c284af]" started-at="2023-09-07T13:56:06 IST" name="closeAllBrowsers" finished-at="2023-09-07T13:56:06 IST" duration-ms="512" status="PASS">
          <reporter-output>
          </reporter-output>
        </test-method> <!-- closeAllBrowsers -->
      </class> <!-- com.BestBuy.test.BrokenLinkTest -->
      <class name="com.BestBuy.test.AddedItemsCartTest">
        <test-method is-config="true" signature="setUp(java.lang.String)[pri:0, instance:com.BestBuy.test.AddedItemsCartTest@183ec003]" started-at="2023-09-07T13:59:51 IST" name="setUp" finished-at="2023-09-07T13:59:51 IST" duration-ms="1" status="PASS">
          <params>
            <param index="0">
              <value>
                <![CDATA[Chrome]]>
              </value>
            </param>
          </params>
          <reporter-output>
          </reporter-output>
        </test-method> <!-- setUp -->
        <test-method signature="ItemsAddedCartTest()[pri:0, instance:com.BestBuy.test.AddedItemsCartTest@183ec003]" started-at="2023-09-07T13:59:51 IST" name="ItemsAddedCartTest" finished-at="2023-09-07T14:01:49 IST" duration-ms="117958" status="FAIL">
          <exception class="java.lang.AssertionError">
            <message>
              <![CDATA[expected [] but found [Sorry, there was a problem. Please try that again.]]]>
            </message>
            <full-stacktrace>
              <![CDATA[java.lang.AssertionError: expected [] but found [Sorry, there was a problem. Please try that again.]
at org.testng.Assert.fail(Assert.java:110)
at org.testng.Assert.failNotEquals(Assert.java:1577)
at org.testng.Assert.assertEqualsImpl(Assert.java:149)
at org.testng.Assert.assertEquals(Assert.java:131)
at org.testng.Assert.assertEquals(Assert.java:655)
at org.testng.Assert.assertEquals(Assert.java:665)
at com.BestBuy.test.AddedItemsCartTest.ItemsAddedCartTest(AddedItemsCartTest.java:29)
at java.base/jdk.internal.reflect.NativeMethodAccessorImpl.invoke0(Native Method)
at java.base/jdk.internal.reflect.NativeMethodAccessorImpl.invoke(NativeMethodAccessorImpl.java:77)
at java.base/jdk.internal.reflect.DelegatingMethodAccessorImpl.invoke(DelegatingMethodAccessorImpl.java:43)
at java.base/java.lang.reflect.Method.invoke(Method.java:568)
at org.testng.internal.invokers.MethodInvocationHelper.invokeMethod(MethodInvocationHelper.java:139)
at org.testng.internal.invokers.TestInvoker.invokeMethod(TestInvoker.java:677)
at org.testng.internal.invokers.TestInvoker.invokeTestMethod(TestInvoker.java:221)
at org.testng.internal.invokers.MethodRunner.runInSequence(MethodRunner.java:50)
at org.testng.internal.invokers.TestInvoker$MethodInvocationAgent.invoke(TestInvoker.java:969)
at org.testng.internal.invokers.TestInvoker.invokeTestMethods(TestInvoker.java:194)
at org.testng.internal.invokers.TestMethodWorker.invokeTestMethods(TestMethodWorker.java:148)
at org.testng.internal.invokers.TestMethodWorker.run(TestMethodWorker.java:128)
at java.base/java.util.ArrayList.forEach(ArrayList.java:1511)
at org.testng.TestRunner.privateRun(TestRunner.java:829)
at org.testng.TestRunner.run(TestRunner.java:602)
at org.testng.SuiteRunner.runTest(SuiteRunner.java:437)
at org.testng.SuiteRunner.runSequentially(SuiteRunner.java:431)
at org.testng.SuiteRunner.privateRun(SuiteRunner.java:391)
at org.testng.SuiteRunner.run(SuiteRunner.java:330)
at org.testng.SuiteRunnerWorker.runSuite(SuiteRunnerWorker.java:52)
at org.testng.SuiteRunnerWorker.run(SuiteRunnerWorker.java:95)
at org.testng.TestNG.runSuitesSequentially(TestNG.java:1256)
at org.testng.TestNG.runSuitesLocally(TestNG.java:1176)
at org.testng.TestNG.runSuites(TestNG.java:1099)
at org.testng.TestNG.run(TestNG.java:1067)
at org.testng.remote.AbstractRemoteTestNG.run(AbstractRemoteTestNG.java:115)
at org.testng.remote.RemoteTestNG.initAndRun(RemoteTestNG.java:251)
at org.testng.remote.RemoteTestNG.main(RemoteTestNG.java:77)
]]>
            </full-stacktrace>
          </exception> <!-- java.lang.AssertionError -->
          <reporter-output>
          </reporter-output>
        </test-method> <!-- ItemsAddedCartTest -->
        <test-method is-config="true" signature="closeBrowser()[pri:0, instance:com.BestBuy.test.AddedItemsCartTest@183ec003]" started-at="2023-09-07T14:01:49 IST" name="closeBrowser" finished-at="2023-09-07T14:01:49 IST" duration-ms="449" status="PASS">
          <reporter-output>
          </reporter-output>
        </test-method> <!-- closeBrowser -->
        <test-method is-config="true" signature="closeAllBrowsers()[pri:0, instance:com.BestBuy.test.AddedItemsCartTest@183ec003]" started-at="2023-09-07T14:01:49 IST" name="closeAllBrowsers" finished-at="2023-09-07T14:01:50 IST" duration-ms="716" status="PASS">
          <reporter-output>
          </reporter-output>
        </test-method> <!-- closeAllBrowsers -->
      </class> <!-- com.BestBuy.test.AddedItemsCartTest -->
      <class name="com.BestBuy.test.BottomLinksTest">
        <test-method is-config="true" signature="setUp(java.lang.String)[pri:0, instance:com.BestBuy.test.BottomLinksTest@7c137fd5]" started-at="2023-09-07T13:57:59 IST" name="setUp" finished-at="2023-09-07T13:57:59 IST" duration-ms="1" status="PASS">
          <params>
            <param index="0">
              <value>
                <![CDATA[Chrome]]>
              </value>
            </param>
          </params>
          <reporter-output>
          </reporter-output>
        </test-method> <!-- setUp -->
        <test-method signature="bottomLinksValid()[pri:0, instance:com.BestBuy.test.BottomLinksTest@7c137fd5]" started-at="2023-09-07T13:57:59 IST" name="bottomLinksValid" finished-at="2023-09-07T13:59:50 IST" duration-ms="110488" status="PASS">
          <reporter-output>
          </reporter-output>
        </test-method> <!-- bottomLinksValid -->
        <test-method is-config="true" signature="closeBrowser()[pri:0, instance:com.BestBuy.test.BottomLinksTest@7c137fd5]" started-at="2023-09-07T13:59:50 IST" name="closeBrowser" finished-at="2023-09-07T13:59:50 IST" duration-ms="519" status="PASS">
          <reporter-output>
          </reporter-output>
        </test-method> <!-- closeBrowser -->
        <test-method is-config="true" signature="closeAllBrowsers()[pri:0, instance:com.BestBuy.test.BottomLinksTest@7c137fd5]" started-at="2023-09-07T13:59:50 IST" name="closeAllBrowsers" finished-at="2023-09-07T13:59:51 IST" duration-ms="303" status="PASS">
          <reporter-output>
          </reporter-output>
        </test-method> <!-- closeAllBrowsers -->
      </class> <!-- com.BestBuy.test.BottomLinksTest -->
      <class name="com.BestBuy.test.SignInTest">
        <test-method is-config="true" signature="setUp(java.lang.String)[pri:0, instance:com.BestBuy.test.SignInTest@31ea9581]" started-at="2023-09-07T13:56:39 IST" name="setUp" finished-at="2023-09-07T13:56:39 IST" duration-ms="1" status="PASS">
          <params>
            <param index="0">
              <value>
                <![CDATA[Chrome]]>
              </value>
            </param>
          </params>
          <reporter-output>
          </reporter-output>
        </test-method> <!-- setUp -->
        <test-method signature="loginWithValidCredentials()[pri:0, instance:com.BestBuy.test.SignInTest@31ea9581]" started-at="2023-09-07T13:56:39 IST" name="loginWithValidCredentials" finished-at="2023-09-07T13:57:07 IST" duration-ms="28186" status="PASS">
          <reporter-output>
          </reporter-output>
        </test-method> <!-- loginWithValidCredentials -->
        <test-method is-config="true" signature="closeBrowser()[pri:0, instance:com.BestBuy.test.SignInTest@31ea9581]" started-at="2023-09-07T13:57:07 IST" name="closeBrowser" finished-at="2023-09-07T13:57:07 IST" duration-ms="377" status="PASS">
          <reporter-output>
          </reporter-output>
        </test-method> <!-- closeBrowser -->
        <test-method is-config="true" signature="closeAllBrowsers()[pri:0, instance:com.BestBuy.test.SignInTest@31ea9581]" started-at="2023-09-07T13:57:07 IST" name="closeAllBrowsers" finished-at="2023-09-07T13:57:08 IST" duration-ms="324" status="PASS">
          <reporter-output>
          </reporter-output>
        </test-method> <!-- closeAllBrowsers -->
      </class> <!-- com.BestBuy.test.SignInTest -->
      <class name="com.BestBuy.test.SignUpTest">
        <test-method is-config="true" signature="setUp(java.lang.String)[pri:0, instance:com.BestBuy.test.SignUpTest@5890e879]" started-at="2023-09-07T13:56:06 IST" name="setUp" finished-at="2023-09-07T13:56:06 IST" duration-ms="0" status="PASS">
          <params>
            <param index="0">
              <value>
                <![CDATA[Chrome]]>
              </value>
            </param>
          </params>
          <reporter-output>
          </reporter-output>
        </test-method> <!-- setUp -->
        <test-method signature="signUpWithValidCredentials()[pri:0, instance:com.BestBuy.test.SignUpTest@5890e879]" started-at="2023-09-07T13:56:06 IST" name="signUpWithValidCredentials" finished-at="2023-09-07T13:56:38 IST" duration-ms="32075" status="PASS">
          <reporter-output>
          </reporter-output>
        </test-method> <!-- signUpWithValidCredentials -->
        <test-method is-config="true" signature="closeBrowser()[pri:0, instance:com.BestBuy.test.SignUpTest@5890e879]" started-at="2023-09-07T13:56:38 IST" name="closeBrowser" finished-at="2023-09-07T13:56:38 IST" duration-ms="317" status="PASS">
          <reporter-output>
          </reporter-output>
        </test-method> <!-- closeBrowser -->
        <test-method is-config="true" signature="closeAllBrowsers()[pri:0, instance:com.BestBuy.test.SignUpTest@5890e879]" started-at="2023-09-07T13:56:38 IST" name="closeAllBrowsers" finished-at="2023-09-07T13:56:39 IST" duration-ms="375" status="PASS">
          <reporter-output>
          </reporter-output>
        </test-method> <!-- closeAllBrowsers -->
      </class> <!-- com.BestBuy.test.SignUpTest -->
    </test> <!-- Positive -->
    <test started-at="2023-09-07T14:01:50 IST" name="Negative" finished-at="2023-09-07T14:04:46 IST" duration-ms="176355">
      <class name="com.BestBuy.test.NegativeTc_SignUp">
        <test-method signature="signUpWithInValidCredentials()[pri:0, instance:com.BestBuy.test.NegativeTc_SignUp@673fdbce]" started-at="2023-09-07T14:03:28 IST" name="signUpWithInValidCredentials" finished-at="2023-09-07T14:04:46 IST" duration-ms="78196" status="FAIL">
          <exception class="java.lang.AssertionError">
            <message>
              <![CDATA[expected [false] but found [true]]]>
            </message>
            <full-stacktrace>
              <![CDATA[java.lang.AssertionError: expected [false] but found [true]
at org.testng.Assert.fail(Assert.java:110)
at org.testng.Assert.failNotEquals(Assert.java:1577)
at org.testng.Assert.assertFalse(Assert.java:78)
at org.testng.Assert.assertFalse(Assert.java:88)
at com.BestBuy.test.NegativeTc_SignUp.signUpWithInValidCredentials(NegativeTc_SignUp.java:30)
at java.base/jdk.internal.reflect.NativeMethodAccessorImpl.invoke0(Native Method)
at java.base/jdk.internal.reflect.NativeMethodAccessorImpl.invoke(NativeMethodAccessorImpl.java:77)
at java.base/jdk.internal.reflect.DelegatingMethodAccessorImpl.invoke(DelegatingMethodAccessorImpl.java:43)
at java.base/java.lang.reflect.Method.invoke(Method.java:568)
at org.testng.internal.invokers.MethodInvocationHelper.invokeMethod(MethodInvocationHelper.java:139)
at org.testng.internal.invokers.TestInvoker.invokeMethod(TestInvoker.java:677)
at org.testng.internal.invokers.TestInvoker.invokeTestMethod(TestInvoker.java:221)
at org.testng.internal.invokers.MethodRunner.runInSequence(MethodRunner.java:50)
at org.testng.internal.invokers.TestInvoker$MethodInvocationAgent.invoke(TestInvoker.java:969)
at org.testng.internal.invokers.TestInvoker.invokeTestMethods(TestInvoker.java:194)
at org.testng.internal.invokers.TestMethodWorker.invokeTestMethods(TestMethodWorker.java:148)
at org.testng.internal.invokers.TestMethodWorker.run(TestMethodWorker.java:128)
at java.base/java.util.ArrayList.forEach(ArrayList.java:1511)
at org.testng.TestRunner.privateRun(TestRunner.java:829)
at org.testng.TestRunner.run(TestRunner.java:602)
at org.testng.SuiteRunner.runTest(SuiteRunner.java:437)
at org.testng.SuiteRunner.runSequentially(SuiteRunner.java:431)
at org.testng.SuiteRunner.privateRun(SuiteRunner.java:391)
at org.testng.SuiteRunner.run(SuiteRunner.java:330)
at org.testng.SuiteRunnerWorker.runSuite(SuiteRunnerWorker.java:52)
at org.testng.SuiteRunnerWorker.run(SuiteRunnerWorker.java:95)
at org.testng.TestNG.runSuitesSequentially(TestNG.java:1256)
at org.testng.TestNG.runSuitesLocally(TestNG.java:1176)
at org.testng.TestNG.runSuites(TestNG.java:1099)
at org.testng.TestNG.run(TestNG.java:1067)
at org.testng.remote.AbstractRemoteTestNG.run(AbstractRemoteTestNG.java:115)
at org.testng.remote.RemoteTestNG.initAndRun(RemoteTestNG.java:251)
at org.testng.remote.RemoteTestNG.main(RemoteTestNG.java:77)
]]>
            </full-stacktrace>
          </exception> <!-- java.lang.AssertionError -->
          <reporter-output>
          </reporter-output>
        </test-method> <!-- signUpWithInValidCredentials -->
        <test-method is-config="true" signature="closeBrowser()[pri:0, instance:com.BestBuy.test.NegativeTc_SignUp@673fdbce]" started-at="2023-09-07T14:04:46 IST" name="closeBrowser" finished-at="2023-09-07T14:04:46 IST" duration-ms="1" status="PASS">
          <reporter-output>
          </reporter-output>
        </test-method> <!-- closeBrowser -->
      </class> <!-- com.BestBuy.test.NegativeTc_SignUp -->
      <class name="com.BestBuy.test.MainPageClick">
        <test-method is-config="true" signature="startReport()[pri:0, instance:com.BestBuy.test.MainPageClick@48075da3]" started-at="2023-09-07T13:55:28 IST" name="startReport" finished-at="2023-09-07T13:55:29 IST" duration-ms="656" status="PASS">
          <reporter-output>
          </reporter-output>
        </test-method> <!-- startReport -->
        <test-method is-config="true" signature="endReport()[pri:0, instance:com.BestBuy.test.MainPageClick@48075da3]" started-at="2023-09-07T14:04:46 IST" name="endReport" finished-at="2023-09-07T14:04:47 IST" duration-ms="707" status="PASS">
          <reporter-output>
          </reporter-output>
        </test-method> <!-- endReport -->
      </class> <!-- com.BestBuy.test.MainPageClick -->
      <class name="com.BestBuy.test.NegativeTc_ItemsAddedToCart">
        <test-method signature="ItemsAddedCartTestWithInvalidCredentials()[pri:0, instance:com.BestBuy.test.NegativeTc_ItemsAddedToCart@1a245833]" started-at="2023-09-07T14:02:51 IST" name="ItemsAddedCartTestWithInvalidCredentials" finished-at="2023-09-07T14:03:28 IST" duration-ms="37206" status="PASS">
          <reporter-output>
          </reporter-output>
        </test-method> <!-- ItemsAddedCartTestWithInvalidCredentials -->
        <test-method is-config="true" signature="closeBrowser()[pri:0, instance:com.BestBuy.test.NegativeTc_ItemsAddedToCart@1a245833]" started-at="2023-09-07T14:03:28 IST" name="closeBrowser" finished-at="2023-09-07T14:03:28 IST" duration-ms="384" status="PASS">
          <reporter-output>
          </reporter-output>
        </test-method> <!-- closeBrowser -->
      </class> <!-- com.BestBuy.test.NegativeTc_ItemsAddedToCart -->
      <class name="com.BestBuy.test.NegativeTc_SignIn">
        <test-method signature="signInWithInValidCredentials()[pri:0, instance:com.BestBuy.test.NegativeTc_SignIn@4007f65e]" started-at="2023-09-07T14:01:50 IST" name="signInWithInValidCredentials" finished-at="2023-09-07T14:02:50 IST" duration-ms="59856" status="PASS">
          <reporter-output>
          </reporter-output>
        </test-method> <!-- signInWithInValidCredentials -->
        <test-method is-config="true" signature="closeBrowser()[pri:0, instance:com.BestBuy.test.NegativeTc_SignIn@4007f65e]" started-at="2023-09-07T14:02:50 IST" name="closeBrowser" finished-at="2023-09-07T14:02:51 IST" duration-ms="698" status="PASS">
          <reporter-output>
          </reporter-output>
        </test-method> <!-- closeBrowser -->
      </class> <!-- com.BestBuy.test.NegativeTc_SignIn -->
    </test> <!-- Negative -->
  </suite> <!-- Suite -->
</testng-results>
